<?xml version="1.0" encoding="UTF-8"?>
<!-- Generated by org.testng.reporters.JUnitReportReporter -->
<testsuite hostname="DESKTOP-LDUGJ29" failures="0" tests="1" name="test.LoginTest" time="7.336" errors="0" timestamp="2022-09-16T17:47:55 CDT" skipped="0">
  <testcase classname="test.LoginTest" name="userShouldBeAbleToLogin" time="7.336"/>
  <system-out/>
</testsuite> <!-- test.LoginTest -->
